1538538253788	mozrunner::runner	INFO	Running command: "C:\\Program Files\\Mozilla Firefox\\firefox.exe" "-marionette" "-foreground" "-no-remote" "-profile" "C:\\Users\\antfinn\\AppData\\Local\\Temp\\rust_mozprofile.OkIVk9OacxOt"
1538538257098	Marionette	INFO	Listening on port 62151
1538538257294	Marionette	WARN	TLS certificate errors will be ignored for this session
1538538257321	Marionette	DEBUG	[6442450945] Frame script loaded
1538538257322	Marionette	DEBUG	[6442450945] Frame script registered
1538538257586	Marionette	DEBUG	[6442450945] Received DOM event beforeunload for about:blank
1538538257723	Marionette	DEBUG	[6442450945] Received DOM event pagehide for about:blank
1538538257772	Marionette	DEBUG	[6442450945] Received DOM event DOMContentLoaded for http://econpy.pythonanywhere.com/ex/001.html
1538538257998	Marionette	DEBUG	[6442450945] Received DOM event pageshow for http://econpy.pythonanywhere.com/ex/001.html
1538538258300	Marionette	INFO	Stopped listening on port 62151
1538538258320	addons.xpi	WARN	Exception running bootstrap method shutdown on activity-stream@mozilla.org: [Exception... "Component returned failure code: 0x80070057 (NS_ERROR_ILLEGAL_VALUE) [nsIPrefBranch.removeObserver]"  nsresult: "0x80070057 (NS_ERROR_ILLEGAL_VALUE)"  location: "JS frame :: resource://activity-stream/lib/ActivityStreamPrefs.jsm :: ignoreBranch :: line 29"  data: no] Stack trace: ignoreBranch()@resource://activity-stream/lib/ActivityStreamPrefs.jsm:29
uninit()@resource://activity-stream/lib/Store.jsm:172
uninit()@resource://activity-stream/lib/ActivityStream.jsm:363
uninit()@resource://gre/modules/addons/XPIProvider.jsm -> jar:file:///C:/Program%20Files/Mozilla%20Firefox/browser/features/activity-stream@mozilla.org.xpi!/bootstrap.js:86
shutdown()@resource://gre/modules/addons/XPIProvider.jsm -> jar:file:///C:/Program%20Files/Mozilla%20Firefox/browser/features/activity-stream@mozilla.org.xpi!/bootstrap.js:194
callBootstrapMethod()@resource://gre/modules/addons/XPIProvider.jsm:1592
_shutdown()@resource://gre/modules/addons/XPIProvider.jsm:1728
flushAllWindowsAsync()@resource:///modules/sessionstore/SessionStore.jsm:1697
ssi_onQuitApplicationGranted/<()@resource:///modules/sessionstore/SessionStore.jsm:1624
trigger()@resource://gre/modules/AsyncShutdown.jsm:710
_wait()@resource://gre/modules/AsyncShutdown.jsm:857
wait()@resource://gre/modules/AsyncShutdown.jsm:841
observe()@resource://gre/modules/AsyncShutdown.jsm:524
GeckoDriver.prototype.quit()@driver.js:3319
despatch()@server.js:297
execute()@server.js:271
onPacket/<()@server.js:246
onPacket()@server.js:245
_onJSONObjectReady/<()@transport.js:500
[Child 1064, Chrome_ChildThread] WARNING: pipe error: 109: file z:/build/build/src/ipc/chromium/src/chrome/common/ipc_channel_win.cc, line 346
[Child 1064, Chrome_ChildThread] WARNING: pipe error: 109: file z:/build/build/src/ipc/chromium/src/chrome/common/ipc_channel_win.cc, line 346
[Child 10608, Chrome_ChildThread] WARNING: pipe error: 109: file z:/build/build/src/ipc/chromium/src/chrome/common/ipc_channel_win.cc, line 346
[Child 10608, Chrome_ChildThread] WARNING: pipe error: 109: file z:/build/build/src/ipc/chromium/src/chrome/common/ipc_channel_win.cc, line 346
[Parent 13792, Gecko_IOThread] WARNING: pipe error: 109: file z:/build/build/src/ipc/chromium/src/chrome/common/ipc_channel_win.cc, line 346
[GPU 17712,
###!!! [Child][MessageChannel::SendAndWait] Error: Channel error: cannot send/recv

